*ERROR* 	2017/09/14 - 09:17:16: You have an error in your SQL syntax; check the manual that corresponds to your MySQL server version for the right syntax to use near 'int)`grade` FROM `ps_mymod_comment`
        WHERE `id_product` = 0' at line 1<br /><br /><pre>
        SELECT (int)`grade` FROM `ps_mymod_comment`
        WHERE `id_product` = 0</pre> at line 791 in file classes/db/Db.php
*ERROR* 	2017/09/14 - 09:18:18: You have an error in your SQL syntax; check the manual that corresponds to your MySQL server version for the right syntax to use near '' at line 2<br /><br /><pre>
        SELECT `grade` FROM `ps_mymod_comment`
        WHERE `id_product` = </pre> at line 791 in file classes/db/Db.php
*ERROR* 	2017/09/14 - 12:08:32: You have an error in your SQL syntax; check the manual that corresponds to your MySQL server version for the right syntax to use near '*) AS `nbAvis`, AVG(`grade`) AS `moyenne` FROM `ps_mymod_comment`
        WHERE ' at line 1<br /><br /><pre>       
        SELECT COUNT (*) AS `nbAvis`, AVG(`grade`) AS `moyenne` FROM `ps_mymod_comment`
        WHERE `id_product` = 1 LIMIT 1</pre> at line 791 in file classes/db/Db.php
*ERROR* 	2017/09/14 - 12:20:53: You have an error in your SQL syntax; check the manual that corresponds to your MySQL server version for the right syntax to use near 'FROM `ps_mymod_comment`
        WHERE `id_product` = 0 LIMIT 1' at line 2<br /><br /><pre>       
        SELECT COUNT(*) AS `nbAvis`, AVG(`grade`) AS `moyenneAvis`,
        FROM `ps_mymod_comment`
        WHERE `id_product` = 0 LIMIT 1</pre> at line 791 in file classes/db/Db.php
*ERROR* 	2017/09/14 - 12:21:26: You have an error in your SQL syntax; check the manual that corresponds to your MySQL server version for the right syntax to use near 'FROM `ps_mymod_comment`
        WHERE `id_product` = 0 LIMIT 1' at line 1<br /><br /><pre>       
        SELECT COUNT(*) AS `nbAvis`, AVG(`grade`) AS `moyenneAvis`, FROM `ps_mymod_comment`
        WHERE `id_product` = 0 LIMIT 1</pre> at line 791 in file classes/db/Db.php
*ERROR* 	2017/09/14 - 13:44:33: You have an error in your SQL syntax; check the manual that corresponds to your MySQL server version for the right syntax to use near 'LIMIT 1' at line 3<br /><br /><pre>
        SELECT COUNT(*) AS `nbAvis`, AVG(`grade`) AS `moyAvis` 
        FROM `ps_mymod_comment`
        WHERE `id_product` = LIMIT 1</pre> at line 791 in file classes/db/Db.php
*ERROR* 	2017/09/14 - 13:45:06: You have an error in your SQL syntax; check the manual that corresponds to your MySQL server version for the right syntax to use near 'LIMIT 1' at line 3<br /><br /><pre>
        SELECT COUNT(*) AS `nbAvis`, AVG(`grade`) AS `moyAvis` 
        FROM `ps_mymod_comment`
        WHERE `id_product` = LIMIT 1</pre> at line 791 in file classes/db/Db.php
